<?xml version="1.0" encoding="utf-8"?><testsuites><testsuite errors="0" failures="0" hostname="Achals-MBP" name="pytest" skipped="0" tests="6" time="154.414" timestamp="2021-06-01T17:24:58.989137"><testcase classname="telemetry_tests.test_telemetry" file="telemetry_tests/test_telemetry.py" line="32" name="test_telemetry_on_v09" time="18.383"></testcase><testcase classname="telemetry_tests.test_telemetry" file="telemetry_tests/test_telemetry.py" line="59" name="test_telemetry_off_v09" time="32.697"></testcase><testcase classname="telemetry_tests.test_telemetry" file="telemetry_tests/test_telemetry.py" line="88" name="test_telemetry_on" time="18.214"></testcase><testcase classname="telemetry_tests.test_telemetry" file="telemetry_tests/test_telemetry.py" line="120" name="test_telemetry_off" time="32.748"></testcase><testcase classname="telemetry_tests.test_telemetry" file="telemetry_tests/test_telemetry.py" line="153" name="test_exception_telemetry_on" time="18.851"></testcase><testcase classname="telemetry_tests.test_telemetry" file="telemetry_tests/test_telemetry.py" line="170" name="test_exception_telemetry_off" time="32.693"></testcase></testsuite></testsuites>